the new-optimized parameters are: 
0.000000	5.000000	0.597390	2.000000	2.000000	8.000000	1.000000	2.448050	1.000000	12.000000	0.084290	0.115610	
0.000000	5.000000	0.000000	0.000000	0.000000	8.000000	1.000000	0.102472	1.000000	12.000000	0.000000	0.000000	
0.000000	5.000000	0.000000	0.000000	0.000000	8.000000	1.000000	2.774227	1.000000	12.000000	0.000000	0.000000	
0.000000	5.000000	0.000000	0.000000	0.000000	8.000000	1.000000	2.325920	1.000000	12.000000	0.000000	0.000000	
0.000000	5.000000	0.000000	0.000000	0.000000	8.000000	1.000000	1.686911	1.000000	12.000000	0.000000	0.000000	
2.290000	8.940000	0.000000	0.000000	0.000000	8.000000	1.000000	1.987920	1.000000	12.000000	0.000000	0.000000	
0.000000	5.000000	7.005068	2.000000	2.000000	8.000000	1.000000	2.411623	1.000000	12.000000	8.730447	1.405999	
0.000000	5.000000	0.000000	0.000000	0.000000	8.000000	1.000000	2.649967	1.000000	12.000000	0.000000	0.000000	
0.000000	5.000000	0.000000	0.000000	0.000000	8.000000	1.000000	2.283920	1.000000	12.000000	0.000000	0.000000	
0.000000	5.000000	0.000000	0.000000	0.000000	8.000000	1.000000	0.435773	1.000000	12.000000	0.000000	0.000000	
1.450867	4.780120	0.000000	0.000000	0.000000	8.000000	1.000000	1.991924	1.000000	12.000000	0.000000	0.000000	
0.000000	5.000000	0.000138	2.000000	3.000000	8.000000	1.000000	1.808670	1.000000	12.000000	0.088841	5.295654	
0.000000	5.000000	0.000000	0.000000	0.000000	8.000000	1.000000	2.147254	1.000000	12.000000	0.000000	0.000000	
0.000000	5.000000	0.000000	0.000000	0.000000	8.000000	1.000000	2.238274	1.000000	12.000000	0.000000	0.000000	
1.808298	5.938508	0.000000	0.000000	0.000000	8.000000	1.000000	1.811154	1.000000	12.000000	0.000000	0.000000	
0.000000	5.000000	0.165330	2.000000	4.000000	8.000000	1.000000	2.738250	1.000000	12.000000	0.824840	0.394370	
0.000000	5.000000	0.000000	0.000000	0.000000	8.000000	1.000000	2.382201	1.000000	12.000000	0.000000	0.000000	
1.798000	5.200000	0.000000	0.000000	0.000000	8.000000	1.000000	1.377410	1.000000	12.000000	0.000000	0.000000	
0.000000	5.000000	7.833485	2.000000	2.000000	8.000000	1.000000	1.374290	1.000000	12.000000	9.107298	0.854678	
1.053193	2.775350	0.000000	0.000000	0.000000	8.000000	1.000000	1.507028	1.000000	12.000000	0.000000	0.000000	
0.000000	5.000000	0.930630	2.000000	2.000000	8.000000	1.000000	1.992690	1.000000	12.000000	0.280060	0.316510	
Ba	Ca	Bi	Ti	Mg	O	
1.347300	1.347300	1.520070	1.289050	0.943510	-0.878783	
the Change-Range of Parameters are: 
0.000000	0.000000	0.000000	0.000000	0.000000	0.000000	0.000000	0.000000	0.000000	0.000000	0.000000	0.000000	
0.000000	0.000000	0.000000	0.000000	0.000000	0.000000	0.000000	10.000000	0.000000	0.000000	0.000000	0.000000	
0.000000	0.000000	0.000000	0.000000	0.000000	0.000000	0.000000	10.000000	0.000000	0.000000	0.000000	0.000000	
0.000000	0.000000	0.000000	0.000000	0.000000	0.000000	0.000000	0.000000	0.000000	0.000000	0.000000	0.000000	
0.000000	0.000000	0.000000	0.000000	0.000000	0.000000	0.000000	10.000000	0.000000	0.000000	0.000000	0.000000	
0.000000	0.000000	0.000000	0.000000	0.000000	0.000000	0.000000	0.000000	0.000000	0.000000	0.000000	0.000000	
0.000000	0.000000	10.000000	0.000000	0.000000	0.000000	0.000000	10.000000	0.000000	0.000000	10.000000	10.000000	
0.000000	0.000000	0.000000	0.000000	0.000000	0.000000	0.000000	10.000000	0.000000	0.000000	0.000000	0.000000	
0.000000	0.000000	0.000000	0.000000	0.000000	0.000000	0.000000	10.000000	0.000000	0.000000	0.000000	0.000000	
0.000000	0.000000	0.000000	0.000000	0.000000	0.000000	0.000000	10.000000	0.000000	0.000000	0.000000	0.000000	
10.000000	10.000000	0.000000	0.000000	0.000000	0.000000	0.000000	10.000000	0.000000	0.000000	0.000000	0.000000	
0.000000	0.000000	10.000000	0.000000	0.000000	0.000000	0.000000	10.000000	0.000000	0.000000	10.000000	10.000000	
0.000000	0.000000	0.000000	0.000000	0.000000	0.000000	0.000000	10.000000	0.000000	0.000000	0.000000	0.000000	
0.000000	0.000000	0.000000	0.000000	0.000000	0.000000	0.000000	10.000000	0.000000	0.000000	0.000000	0.000000	
10.000000	10.000000	0.000000	0.000000	0.000000	0.000000	0.000000	10.000000	0.000000	0.000000	0.000000	0.000000	
0.000000	0.000000	0.000000	0.000000	0.000000	0.000000	0.000000	0.000000	0.000000	0.000000	0.000000	0.000000	
0.000000	0.000000	0.000000	0.000000	0.000000	0.000000	0.000000	10.000000	0.000000	0.000000	0.000000	0.000000	
0.000000	0.000000	0.000000	0.000000	0.000000	0.000000	0.000000	0.000000	0.000000	0.000000	0.000000	0.000000	
0.000000	0.000000	10.000000	0.000000	0.000000	0.000000	0.000000	10.000000	0.000000	0.000000	10.000000	10.000000	
10.000000	10.000000	0.000000	0.000000	0.000000	0.000000	0.000000	10.000000	0.000000	0.000000	0.000000	0.000000	
0.000000	0.000000	0.000000	0.000000	0.000000	0.000000	0.000000	0.000000	0.000000	0.000000	0.000000	0.000000	
asite	bsite	osite	
10.000000	0.000000	10.000000	(the final site parameter change range is zero due to Charge-Neutral)
